#
# There is insufficient memory for the Java Runtime Environment to continue.
# Native memory allocation (mmap) failed to map 36700160 bytes for committing reserved memory.
# Possible reasons:
#   The system is out of physical RAM or swap space
#   In 32 bit mode, the process size limit was hit
# Possible solutions:
#   Reduce memory load on the system
#   Increase physical memory or swap space
#   Check if swap backing store is full
#   Use 64 bit Java on a 64 bit OS
#   Decrease Java heap size (-Xmx/-Xms)
#   Decrease number of Java threads
#   Decrease Java thread stack sizes (-Xss)
#   Set larger code cache with -XX:ReservedCodeCacheSize=
# This output file may be truncated or incomplete.
#
#  Out of Memory Error (os_linux.cpp:2630), pid=10274, tid=0x00007f5f40536700
#
# JRE version: OpenJDK Runtime Environment (8.0_121-b13) (build 1.8.0_121-8u121-b13-0ubuntu1.16.04.2-b13)
# Java VM: OpenJDK 64-Bit Server VM (25.121-b13 mixed mode linux-amd64 compressed oops)
# Failed to write core dump. Core dumps have been disabled. To enable core dumping, try "ulimit -c unlimited" before starting Java again
#

---------------  T H R E A D  ---------------

Current thread (0x00007f5f54073000):  VMThread [stack: 0x00007f5f40436000,0x00007f5f40537000] [id=10283]

Stack: [0x00007f5f40436000,0x00007f5f40537000],  sp=0x00007f5f405354c0,  free space=1021k
Native frames: (J=compiled Java code, j=interpreted, Vv=VM code, C=native code)
V  [libjvm.so+0xa6647b]
V  [libjvm.so+0x4c32dc]
V  [libjvm.so+0x8b4b60]
V  [libjvm.so+0x8aefde]
V  [libjvm.so+0x929a16]
V  [libjvm.so+0x92ad43]
V  [libjvm.so+0x9273f3]
V  [libjvm.so+0x9276bc]
V  [libjvm.so+0x8d9553]
V  [libjvm.so+0xa68132]
V  [libjvm.so+0xa6d217]
V  [libjvm.so+0xa6a9e7]
V  [libjvm.so+0xa6be6f]
V  [libjvm.so+0xa6c361]
V  [libjvm.so+0x8b2042]

VM_Operation (0x00007f5f5a81a5f0): ParallelGCFailedAllocation, mode: safepoint, requested by thread 0x00007f5f5400a000


---------------  P R O C E S S  ---------------

Java Threads: ( => current thread )
  0x00007f5f542bd800 JavaThread "AWT-EventQueue-0" [_thread_blocked, id=10295, stack(0x00007f5f28ba7000,0x00007f5f28ca8000)]
  0x00007f5f542bc000 JavaThread "AWT-Shutdown" [_thread_blocked, id=10294, stack(0x00007f5f28ca8000,0x00007f5f28da9000)]
  0x00007f5f54279800 JavaThread "Image Fetcher 0" daemon [_thread_blocked, id=10293, stack(0x00007f5f294d5000,0x00007f5f295d6000)]
  0x00007f5f5425d800 JavaThread "AWT-XAWT" daemon [_thread_blocked, id=10292, stack(0x00007f5f295d6000,0x00007f5f296d7000)]
  0x00007f5f5423e800 JavaThread "Java2D Disposer" daemon [_thread_blocked, id=10291, stack(0x00007f5f29ae7000,0x00007f5f29be8000)]
  0x00007f5f540ae800 JavaThread "Service Thread" daemon [_thread_blocked, id=10289, stack(0x00007f5f2bb26000,0x00007f5f2bc27000)]
  0x00007f5f540ac000 JavaThread "C1 CompilerThread1" daemon [_thread_blocked, id=10288, stack(0x00007f5f2bc27000,0x00007f5f2bd28000)]
  0x00007f5f540a9000 JavaThread "C2 CompilerThread0" daemon [_thread_blocked, id=10287, stack(0x00007f5f40032000,0x00007f5f40133000)]
  0x00007f5f540a7000 JavaThread "Signal Dispatcher" daemon [_thread_blocked, id=10286, stack(0x00007f5f40133000,0x00007f5f40234000)]
  0x00007f5f5407f000 JavaThread "Finalizer" daemon [_thread_blocked, id=10285, stack(0x00007f5f40234000,0x00007f5f40335000)]
  0x00007f5f5407a800 JavaThread "Reference Handler" daemon [_thread_blocked, id=10284, stack(0x00007f5f40335000,0x00007f5f40436000)]
  0x00007f5f5400a000 JavaThread "main" [_thread_blocked, id=10280, stack(0x00007f5f5a71b000,0x00007f5f5a81c000)]

Other Threads:
=>0x00007f5f54073000 VMThread [stack: 0x00007f5f40436000,0x00007f5f40537000] [id=10283]
  0x00007f5f540bd800 WatcherThread [stack: 0x00007f5f2ba25000,0x00007f5f2bb26000] [id=10290]

VM state:at safepoint (normal execution)

VM Mutex/Monitor currently owned by a thread:  ([mutex/lock_event])
[0x00007f5f54006140] Threads_lock - owner thread: 0x00007f5f54073000
[0x00007f5f54006640] Heap_lock - owner thread: 0x00007f5f5400a000

Heap:
 PSYoungGen      total 129536K, used 91136K [0x00000000ec100000, 0x00000000fa680000, 0x0000000100000000)
  eden space 38400K, 0% used [0x00000000ec100000,0x00000000ec100000,0x00000000ee680000)
  from space 91136K, 100% used [0x00000000f4d80000,0x00000000fa680000,0x00000000fa680000)
  to   space 83456K, 0% used [0x00000000ee680000,0x00000000ee680000,0x00000000f3800000)
 ParOldGen       total 235008K, used 165152K [0x00000000c4200000, 0x00000000d2780000, 0x00000000ec100000)
  object space 235008K, 70% used [0x00000000c4200000,0x00000000ce348368,0x00000000d2780000)
 Metaspace       used 11863K, capacity 12050K, committed 12288K, reserved 1060864K
  class space    used 1340K, capacity 1420K, committed 1536K, reserved 1048576K

Card table byte_map: [0x00007f5f43bd7000,0x00007f5f43db7000] byte_map_base: 0x00007f5f435b6000

Marking Bits: (ParMarkBitMap*) 0x00007f5f599ec220
 Begin Bits: [0x00007f5f41aa5000, 0x00007f5f4299d000)
 End Bits:   [0x00007f5f4299d000, 0x00007f5f43895000)

Polling page: 0x00007f5f5a83e000

CodeCache: size=245760Kb used=2784Kb max_used=2796Kb free=242975Kb
 bounds [0x00007f5f44177000, 0x00007f5f44437000, 0x00007f5f53177000]
 total_blobs=1339 nmethods=779 adapters=476
 compilation: enabled

Compilation events (10 events):
Event: 2.551 Thread 0x00007f5f540ac000  776       1       main.block::setY (6 bytes)
Event: 2.551 Thread 0x00007f5f540ac000 nmethod 776 0x00007f5f4442e4d0 code [0x00007f5f4442e620, 0x00007f5f4442e730]
Event: 2.554 Thread 0x00007f5f540a9000 nmethod 772 0x00007f5f4442f750 code [0x00007f5f4442f900, 0x00007f5f4442fc78]
Event: 2.554 Thread 0x00007f5f540a9000  777       4       java.util.Random::next (47 bytes)
Event: 2.555 Thread 0x00007f5f540a9000 nmethod 777 0x00007f5f4442f450 code [0x00007f5f4442f5a0, 0x00007f5f4442f678]
Event: 2.555 Thread 0x00007f5f540a9000  778       4       main.block::<init> (57 bytes)
Event: 2.558 Thread 0x00007f5f540a9000 nmethod 778 0x00007f5f4442f050 code [0x00007f5f4442f1a0, 0x00007f5f4442f358]
Event: 4.047 Thread 0x00007f5f540a9000  779 % !   4       main.simulation::load @ 102 (244 bytes)
Event: 5.033 Thread 0x00007f5f540a9000 nmethod 779% 0x00007f5f4442e790 code [0x00007f5f4442e920, 0x00007f5f4442ed28]
Event: 5.034 Thread 0x00007f5f540a9000  780   !   4       main.simulation::load (244 bytes)

GC Heap History (10 events):
Event: 4.043 GC heap after
Heap after GC invocations=9 (full 3):
 PSYoungGen      total 71680K, used 31712K [0x00000000ec100000, 0x00000000f3c80000, 0x0000000100000000)
  eden space 36352K, 0% used [0x00000000ec100000,0x00000000ec100000,0x00000000ee480000)
  from space 35328K, 89% used [0x00000000f0c00000,0x00000000f2af8000,0x00000000f2e80000)
  to   space 40448K, 0% used [0x00000000ee480000,0x00000000ee480000,0x00000000f0c00000)
 ParOldGen       total 146432K, used 70041K [0x00000000c4200000, 0x00000000cd100000, 0x00000000ec100000)
  object space 146432K, 47% used [0x00000000c4200000,0x00000000c8666528,0x00000000cd100000)
 Metaspace       used 11862K, capacity 12050K, committed 12288K, reserved 1060864K
  class space    used 1340K, capacity 1420K, committed 1536K, reserved 1048576K
}
Event: 4.054 GC heap before
{Heap before GC invocations=10 (full 3):
 PSYoungGen      total 71680K, used 68064K [0x00000000ec100000, 0x00000000f3c80000, 0x0000000100000000)
  eden space 36352K, 100% used [0x00000000ec100000,0x00000000ee480000,0x00000000ee480000)
  from space 35328K, 89% used [0x00000000f0c00000,0x00000000f2af8000,0x00000000f2e80000)
  to   space 40448K, 0% used [0x00000000ee480000,0x00000000ee480000,0x00000000f0c00000)
 ParOldGen       total 146432K, used 70041K [0x00000000c4200000, 0x00000000cd100000, 0x00000000ec100000)
  object space 146432K, 47% used [0x00000000c4200000,0x00000000c8666528,0x00000000cd100000)
 Metaspace       used 11862K, capacity 12050K, committed 12288K, reserved 1060864K
  class space    used 1340K, capacity 1420K, committed 1536K, reserved 1048576K
Event: 5.032 GC heap after
Heap after GC invocations=10 (full 3):
 PSYoungGen      total 76800K, used 40448K [0x00000000ec100000, 0x00000000f7780000, 0x0000000100000000)
  eden space 36352K, 0% used [0x00000000ec100000,0x00000000ec100000,0x00000000ee480000)
  from space 40448K, 100% used [0x00000000ee480000,0x00000000f0c00000,0x00000000f0c00000)
  to   space 65024K, 0% used [0x00000000f3800000,0x00000000f3800000,0x00000000f7780000)
 ParOldGen       total 146432K, used 105081K [0x00000000c4200000, 0x00000000cd100000, 0x00000000ec100000)
  object space 146432K, 71% used [0x00000000c4200000,0x00000000ca89e528,0x00000000cd100000)
 Metaspace       used 11862K, capacity 12050K, committed 12288K, reserved 1060864K
  class space    used 1340K, capacity 1420K, committed 1536K, reserved 1048576K
}
Event: 5.046 GC heap before
{Heap before GC invocations=11 (full 3):
 PSYoungGen      total 76800K, used 76800K [0x00000000ec100000, 0x00000000f7780000, 0x0000000100000000)
  eden space 36352K, 100% used [0x00000000ec100000,0x00000000ee480000,0x00000000ee480000)
  from space 40448K, 100% used [0x00000000ee480000,0x00000000f0c00000,0x00000000f0c00000)
  to   space 65024K, 0% used [0x00000000f3800000,0x00000000f3800000,0x00000000f7780000)
 ParOldGen       total 146432K, used 105081K [0x00000000c4200000, 0x00000000cd100000, 0x00000000ec100000)
  object space 146432K, 71% used [0x00000000c4200000,0x00000000ca89e528,0x00000000cd100000)
 Metaspace       used 11863K, capacity 12050K, committed 12288K, reserved 1060864K
  class space    used 1340K, capacity 1420K, committed 1536K, reserved 1048576K
Event: 5.131 GC heap after
Heap after GC invocations=11 (full 3):
 PSYoungGen      total 103424K, used 65024K [0x00000000ec100000, 0x00000000f9d00000, 0x0000000100000000)
  eden space 38400K, 0% used [0x00000000ec100000,0x00000000ec100000,0x00000000ee680000)
  from space 65024K, 100% used [0x00000000f3800000,0x00000000f7780000,0x00000000f7780000)
  to   space 83456K, 0% used [0x00000000ee680000,0x00000000ee680000,0x00000000f3800000)
 ParOldGen       total 146432K, used 120889K [0x00000000c4200000, 0x00000000cd100000, 0x00000000ec100000)
  object space 146432K, 82% used [0x00000000c4200000,0x00000000cb80e528,0x00000000cd100000)
 Metaspace       used 11863K, capacity 12050K, committed 12288K, reserved 1060864K
  class space    used 1340K, capacity 1420K, committed 1536K, reserved 1048576K
}
Event: 5.131 GC heap before
{Heap before GC invocations=12 (full 4):
 PSYoungGen      total 103424K, used 65024K [0x00000000ec100000, 0x00000000f9d00000, 0x0000000100000000)
  eden space 38400K, 0% used [0x00000000ec100000,0x00000000ec100000,0x00000000ee680000)
  from space 65024K, 100% used [0x00000000f3800000,0x00000000f7780000,0x00000000f7780000)
  to   space 83456K, 0% used [0x00000000ee680000,0x00000000ee680000,0x00000000f3800000)
 ParOldGen       total 146432K, used 120889K [0x00000000c4200000, 0x00000000cd100000, 0x00000000ec100000)
  object space 146432K, 82% used [0x00000000c4200000,0x00000000cb80e528,0x00000000cd100000)
 Metaspace       used 11863K, capacity 12050K, committed 12288K, reserved 1060864K
  class space    used 1340K, capacity 1420K, committed 1536K, reserved 1048576K
Event: 5.223 GC heap after
Heap after GC invocations=12 (full 4):
 PSYoungGen      total 103424K, used 26235K [0x00000000ec100000, 0x00000000f9d00000, 0x0000000100000000)
  eden space 38400K, 0% used [0x00000000ec100000,0x00000000ec100000,0x00000000ee680000)
  from space 65024K, 40% used [0x00000000f3800000,0x00000000f519ed50,0x00000000f7780000)
  to   space 83456K, 0% used [0x00000000ee680000,0x00000000ee680000,0x00000000f3800000)
 ParOldGen       total 235008K, used 145992K [0x00000000c4200000, 0x00000000d2780000, 0x00000000ec100000)
  object space 235008K, 62% used [0x00000000c4200000,0x00000000cd092368,0x00000000d2780000)
 Metaspace       used 11863K, capacity 12050K, committed 12288K, reserved 1060864K
  class space    used 1340K, capacity 1420K, committed 1536K, reserved 1048576K
}
Event: 5.233 GC heap before
{Heap before GC invocations=13 (full 4):
 PSYoungGen      total 103424K, used 64635K [0x00000000ec100000, 0x00000000f9d00000, 0x0000000100000000)
  eden space 38400K, 100% used [0x00000000ec100000,0x00000000ee680000,0x00000000ee680000)
  from space 65024K, 40% used [0x00000000f3800000,0x00000000f519ed50,0x00000000f7780000)
  to   space 83456K, 0% used [0x00000000ee680000,0x00000000ee680000,0x00000000f3800000)
 ParOldGen       total 235008K, used 145992K [0x00000000c4200000, 0x00000000d2780000, 0x00000000ec100000)
  object space 235008K, 62% used [0x00000000c4200000,0x00000000cd092368,0x00000000d2780000)
 Metaspace       used 11863K, capacity 12050K, committed 12288K, reserved 1060864K
  class space    used 1340K, capacity 1420K, committed 1536K, reserved 1048576K
Event: 5.267 GC heap after
Heap after GC invocations=13 (full 4):
 PSYoungGen      total 121856K, used 66784K [0x00000000ec100000, 0x00000000fa680000, 0x0000000100000000)
  eden space 38400K, 0% used [0x00000000ec100000,0x00000000ec100000,0x00000000ee680000)
  from space 83456K, 80% used [0x00000000ee680000,0x00000000f27b8000,0x00000000f3800000)
  to   space 91136K, 0% used [0x00000000f4d80000,0x00000000f4d80000,0x00000000fa680000)
 ParOldGen       total 235008K, used 145992K [0x00000000c4200000, 0x00000000d2780000, 0x00000000ec100000)
  object space 235008K, 62% used [0x00000000c4200000,0x00000000cd092368,0x00000000d2780000)
 Metaspace       used 11863K, capacity 12050K, committed 12288K, reserved 1060864K
  class space    used 1340K, capacity 1420K, committed 1536K, reserved 1048576K
}
Event: 5.278 GC heap before
{Heap before GC invocations=14 (full 4):
 PSYoungGen      total 121856K, used 105184K [0x00000000ec100000, 0x00000000fa680000, 0x0000000100000000)
  eden space 38400K, 100% used [0x00000000ec100000,0x00000000ee680000,0x00000000ee680000)
  from space 83456K, 80% used [0x00000000ee680000,0x00000000f27b8000,0x00000000f3800000)
  to   space 91136K, 0% used [0x00000000f4d80000,0x00000000f4d80000,0x00000000fa680000)
 ParOldGen       total 235008K, used 145992K [0x00000000c4200000, 0x00000000d2780000, 0x00000000ec100000)
  object space 235008K, 62% used [0x00000000c4200000,0x00000000cd092368,0x00000000d2780000)
 Metaspace       used 11863K, capacity 12050K, committed 12288K, reserved 1060864K
  class space    used 1340K, capacity 1420K, committed 1536K, reserved 1048576K

Deoptimization events (4 events):
Event: 0.767 Thread 0x00007f5f5400a000 Uncommon trap: reason=class_check action=maybe_recompile pc=0x00007f5f442dcd30 method=java.lang.String.equals(Ljava/lang/Object;)Z @ 8
Event: 0.770 Thread 0x00007f5f5400a000 Uncommon trap: reason=class_check action=maybe_recompile pc=0x00007f5f442dcd30 method=java.lang.String.equals(Ljava/lang/Object;)Z @ 8
Event: 0.787 Thread 0x00007f5f5400a000 Uncommon trap: reason=class_check action=maybe_recompile pc=0x00007f5f442dcd30 method=java.lang.String.equals(Ljava/lang/Object;)Z @ 8
Event: 0.787 Thread 0x00007f5f5400a000 Uncommon trap: reason=class_check action=maybe_recompile pc=0x00007f5f442dcd30 method=java.lang.String.equals(Ljava/lang/Object;)Z @ 8

Internal exceptions (10 events):
Event: 0.507 Thread 0x00007f5f5400a000 Exception <a 'java/security/PrivilegedActionException'> (0x00000000ec522b70) thrown at [/build/openjdk-8-YiEakL/openjdk-8-8u121-b13/src/hotspot/src/share/vm/prims/jvm.cpp, line 1390]
Event: 0.507 Thread 0x00007f5f5400a000 Exception <a 'java/security/PrivilegedActionException'> (0x00000000ec522d80) thrown at [/build/openjdk-8-YiEakL/openjdk-8-8u121-b13/src/hotspot/src/share/vm/prims/jvm.cpp, line 1390]
Event: 0.508 Thread 0x00007f5f5400a000 Exception <a 'java/security/PrivilegedActionException'> (0x00000000ec524ff0) thrown at [/build/openjdk-8-YiEakL/openjdk-8-8u121-b13/src/hotspot/src/share/vm/prims/jvm.cpp, line 1390]
Event: 0.508 Thread 0x00007f5f5400a000 Exception <a 'java/security/PrivilegedActionException'> (0x00000000ec525200) thrown at [/build/openjdk-8-YiEakL/openjdk-8-8u121-b13/src/hotspot/src/share/vm/prims/jvm.cpp, line 1390]
Event: 0.508 Thread 0x00007f5f5400a000 Exception <a 'java/security/PrivilegedActionException'> (0x00000000ec525ec0) thrown at [/build/openjdk-8-YiEakL/openjdk-8-8u121-b13/src/hotspot/src/share/vm/prims/jvm.cpp, line 1390]
Event: 0.508 Thread 0x00007f5f5400a000 Exception <a 'java/security/PrivilegedActionException'> (0x00000000ec5260d0) thrown at [/build/openjdk-8-YiEakL/openjdk-8-8u121-b13/src/hotspot/src/share/vm/prims/jvm.cpp, line 1390]
Event: 0.513 Thread 0x00007f5f5400a000 Exception <a 'java/io/FileNotFoundException'> (0x00000000ec52cf28) thrown at [/build/openjdk-8-YiEakL/openjdk-8-8u121-b13/src/hotspot/src/share/vm/prims/jni.cpp, line 709]
Event: 0.514 Thread 0x00007f5f5400a000 Exception <a 'java/io/FileNotFoundException'> (0x00000000ec52d948) thrown at [/build/openjdk-8-YiEakL/openjdk-8-8u121-b13/src/hotspot/src/share/vm/prims/jni.cpp, line 709]
Event: 0.558 Thread 0x00007f5f5400a000 Exception <a 'java/lang/ClassNotFoundException': sun/dc/DuctusRenderingEngine> (0x00000000ec92adb0) thrown at [/build/openjdk-8-YiEakL/openjdk-8-8u121-b13/src/hotspot/src/share/vm/classfile/systemDictionary.cpp, line 210]
Event: 1.047 Thread 0x00007f5f542bd800 Exception <a 'java/lang/UnsupportedOperationException': > (0x00000000ecb8b260) thrown at [/build/openjdk-8-YiEakL/openjdk-8-8u121-b13/src/hotspot/src/share/vm/prims/jni.cpp, line 735]

Events (10 events):
Event: 4.044 loading class sun/awt/AppContext$PostShutdownEventRunnable
Event: 4.054 Executing VM operation: ParallelGCFailedAllocation
Event: 5.032 Executing VM operation: ParallelGCFailedAllocation done
Event: 5.032 loading class sun/awt/AppContext$PostShutdownEventRunnable done
Event: 5.033 loading class sun/awt/AWTAutoShutdown$1
Event: 5.046 Executing VM operation: ParallelGCFailedAllocation
Event: 5.223 Executing VM operation: ParallelGCFailedAllocation done
Event: 5.233 Executing VM operation: ParallelGCFailedAllocation
Event: 5.267 Executing VM operation: ParallelGCFailedAllocation done
Event: 5.278 Executing VM operation: ParallelGCFailedAllocation


Dynamic libraries:
00400000-00401000 r-xp 00000000 08:08 1312879                            /usr/lib/jvm/java-8-openjdk-amd64/jre/bin/java
00600000-00601000 r--p 00000000 08:08 1312879                            /usr/lib/jvm/java-8-openjdk-amd64/jre/bin/java
00601000-00602000 rw-p 00001000 08:08 1312879                            /usr/lib/jvm/java-8-openjdk-amd64/jre/bin/java
01d48000-01d88000 rw-p 00000000 00:00 0                                  [heap]
c4200000-d2780000 rw-p 00000000 00:00 0 
d2780000-ec100000 ---p 00000000 00:00 0 
ec100000-fa680000 rw-p 00000000 00:00 0 
fc980000-100000000 ---p 00000000 00:00 0 
100000000-100180000 rw-p 00000000 00:00 0 
100180000-140000000 ---p 00000000 00:00 0 
7f5f04000000-7f5f04021000 rw-p 00000000 00:00 0 
7f5f04021000-7f5f08000000 ---p 00000000 00:00 0 
7f5f08000000-7f5f08021000 rw-p 00000000 00:00 0 
7f5f08021000-7f5f0c000000 ---p 00000000 00:00 0 
7f5f0c000000-7f5f0c021000 rw-p 00000000 00:00 0 
7f5f0c021000-7f5f10000000 ---p 00000000 00:00 0 
7f5f10000000-7f5f10021000 rw-p 00000000 00:00 0 
7f5f10021000-7f5f14000000 ---p 00000000 00:00 0 
7f5f14000000-7f5f14021000 rw-p 00000000 00:00 0 
7f5f14021000-7f5f18000000 ---p 00000000 00:00 0 
7f5f18000000-7f5f18021000 rw-p 00000000 00:00 0 
7f5f18021000-7f5f1c000000 ---p 00000000 00:00 0 
7f5f1c000000-7f5f1c1fe000 rw-p 00000000 00:00 0 
7f5f1c1fe000-7f5f20000000 ---p 00000000 00:00 0 
7f5f20000000-7f5f20271000 rw-p 00000000 00:00 0 
7f5f20271000-7f5f24000000 ---p 00000000 00:00 0 
7f5f24000000-7f5f24021000 rw-p 00000000 00:00 0 
7f5f24021000-7f5f28000000 ---p 00000000 00:00 0 
7f5f287a7000-7f5f28827000 rw-p 00000000 00:00 0 
7f5f28827000-7f5f289a7000 ---p 00000000 00:00 0 
7f5f289a7000-7f5f28ba7000 rw-p 00000000 00:00 0 
7f5f28ba7000-7f5f28baa000 ---p 00000000 00:00 0 
7f5f28baa000-7f5f28ca8000 rw-p 00000000 00:00 0 
7f5f28ca8000-7f5f28cab000 ---p 00000000 00:00 0 
7f5f28cab000-7f5f28da9000 rw-p 00000000 00:00 0 
7f5f28da9000-7f5f28dba000 r-xp 00000000 08:08 1312828                    /usr/lib/jvm/java-8-openjdk-amd64/jre/lib/amd64/libnio.so
7f5f28dba000-7f5f28fba000 ---p 00011000 08:08 1312828                    /usr/lib/jvm/java-8-openjdk-amd64/jre/lib/amd64/libnio.so
7f5f28fba000-7f5f28fbb000 r--p 00011000 08:08 1312828                    /usr/lib/jvm/java-8-openjdk-amd64/jre/lib/amd64/libnio.so
7f5f28fbb000-7f5f28fbc000 rw-p 00012000 08:08 1312828                    /usr/lib/jvm/java-8-openjdk-amd64/jre/lib/amd64/libnio.so
7f5f28fbc000-7f5f292bd000 rw-p 00000000 00:00 0 
7f5f292bd000-7f5f292d4000 r-xp 00000000 08:08 1312820                    /usr/lib/jvm/java-8-openjdk-amd64/jre/lib/amd64/libnet.so
7f5f292d4000-7f5f294d3000 ---p 00017000 08:08 1312820                    /usr/lib/jvm/java-8-openjdk-amd64/jre/lib/amd64/libnet.so
7f5f294d3000-7f5f294d4000 r--p 00016000 08:08 1312820                    /usr/lib/jvm/java-8-openjdk-amd64/jre/lib/amd64/libnet.so
7f5f294d4000-7f5f294d5000 rw-p 00017000 08:08 1312820                    /usr/lib/jvm/java-8-openjdk-amd64/jre/lib/amd64/libnet.so
7f5f294d5000-7f5f294d8000 ---p 00000000 00:00 0 
7f5f294d8000-7f5f295d6000 rw-p 00000000 00:00 0 
7f5f295d6000-7f5f295d9000 ---p 00000000 00:00 0 
7f5f295d9000-7f5f296d7000 rw-p 00000000 00:00 0 
7f5f296d7000-7f5f296dc000 r-xp 00000000 08:08 1188380                    /usr/lib/x86_64-linux-gnu/libXfixes.so.3.1.0
7f5f296dc000-7f5f298db000 ---p 00005000 08:08 1188380                    /usr/lib/x86_64-linux-gnu/libXfixes.so.3.1.0
7f5f298db000-7f5f298dc000 r--p 00004000 08:08 1188380                    /usr/lib/x86_64-linux-gnu/libXfixes.so.3.1.0
7f5f298dc000-7f5f298dd000 rw-p 00005000 08:08 1188380                    /usr/lib/x86_64-linux-gnu/libXfixes.so.3.1.0
7f5f298dd000-7f5f298e6000 r-xp 00000000 08:08 1188372                    /usr/lib/x86_64-linux-gnu/libXcursor.so.1.0.2
7f5f298e6000-7f5f29ae5000 ---p 00009000 08:08 1188372                    /usr/lib/x86_64-linux-gnu/libXcursor.so.1.0.2
7f5f29ae5000-7f5f29ae6000 r--p 00008000 08:08 1188372                    /usr/lib/x86_64-linux-gnu/libXcursor.so.1.0.2
7f5f29ae6000-7f5f29ae7000 rw-p 00009000 08:08 1188372                    /usr/lib/x86_64-linux-gnu/libXcursor.so.1.0.2
7f5f29ae7000-7f5f29aea000 ---p 00000000 00:00 0 
7f5f29aea000-7f5f29be8000 rw-p 00000000 00:00 0 
7f5f29be8000-7f5f29c0c000 r-xp 00000000 08:08 4723489                    /lib/x86_64-linux-gnu/libpng12.so.0.54.0
7f5f29c0c000-7f5f29e0b000 ---p 00024000 08:08 4723489                    /lib/x86_64-linux-gnu/libpng12.so.0.54.0
7f5f29e0b000-7f5f29e0c000 r--p 00023000 08:08 4723489                    /lib/x86_64-linux-gnu/libpng12.so.0.54.0
7f5f29e0c000-7f5f29e0d000 rw-p 00024000 08:08 4723489                    /lib/x86_64-linux-gnu/libpng12.so.0.54.0
7f5f29e0d000-7f5f29eb1000 r-xp 00000000 08:08 1179786                    /usr/lib/x86_64-linux-gnu/libfreetype.so.6.12.1
7f5f29eb1000-7f5f2a0b0000 ---p 000a4000 08:08 1179786                    /usr/lib/x86_64-linux-gnu/libfreetype.so.6.12.1
7f5f2a0b0000-7f5f2a0b6000 r--p 000a3000 08:08 1179786                    /usr/lib/x86_64-linux-gnu/libfreetype.so.6.12.1
7f5f2a0b6000-7f5f2a0b7000 rw-p 000a9000 08:08 1179786                    /usr/lib/x86_64-linux-gnu/libfreetype.so.6.12.1
7f5f2a0d5000-7f5f2a127000 r-xp 00000000 08:08 1312824                    /usr/lib/jvm/java-8-openjdk-amd64/jre/lib/amd64/libfontmanager.so
7f5f2a127000-7f5f2a327000 ---p 00052000 08:08 1312824                    /usr/lib/jvm/java-8-openjdk-amd64/jre/lib/amd64/libfontmanager.so
7f5f2a327000-7f5f2a329000 r--p 00052000 08:08 1312824                    /usr/lib/jvm/java-8-openjdk-amd64/jre/lib/amd64/libfontmanager.so
7f5f2a329000-7f5f2a32a000 rw-p 00054000 08:08 1312824                    /usr/lib/jvm/java-8-openjdk-amd64/jre/lib/amd64/libfontmanager.so
7f5f2a32a000-7f5f2a32f000 r-xp 00000000 08:08 1188376                    /usr/lib/x86_64-linux-gnu/libXdmcp.so.6.0.0
7f5f2a32f000-7f5f2a52e000 ---p 00005000 08:08 1188376                    /usr/lib/x86_64-linux-gnu/libXdmcp.so.6.0.0
7f5f2a52e000-7f5f2a52f000 r--p 00004000 08:08 1188376                    /usr/lib/x86_64-linux-gnu/libXdmcp.so.6.0.0
7f5f2a52f000-7f5f2a530000 rw-p 00005000 08:08 1188376                    /usr/lib/x86_64-linux-gnu/libXdmcp.so.6.0.0
7f5f2a530000-7f5f2a532000 r-xp 00000000 08:08 1188365                    /usr/lib/x86_64-linux-gnu/libXau.so.6.0.0
7f5f2a532000-7f5f2a732000 ---p 00002000 08:08 1188365                    /usr/lib/x86_64-linux-gnu/libXau.so.6.0.0
7f5f2a732000-7f5f2a733000 r--p 00002000 08:08 1188365                    /usr/lib/x86_64-linux-gnu/libXau.so.6.0.0
7f5f2a733000-7f5f2a734000 rw-p 00003000 08:08 1188365                    /usr/lib/x86_64-linux-gnu/libXau.so.6.0.0
7f5f2a734000-7f5f2a755000 r-xp 00000000 08:08 1189774                    /usr/lib/x86_64-linux-gnu/libxcb.so.1.1.0
7f5f2a755000-7f5f2a954000 ---p 00021000 08:08 1189774                    /usr/lib/x86_64-linux-gnu/libxcb.so.1.1.0
7f5f2a954000-7f5f2a955000 r--p 00020000 08:08 1189774                    /usr/lib/x86_64-linux-gnu/libxcb.so.1.1.0
7f5f2a955000-7f5f2a956000 rw-p 00021000 08:08 1189774                    /usr/lib/x86_64-linux-gnu/libxcb.so.1.1.0
7f5f2a956000-7f5f2a965000 r-xp 00000000 08:08 1188386                    /usr/lib/x86_64-linux-gnu/libXi.so.6.1.0
7f5f2a965000-7f5f2ab64000 ---p 0000f000 08:08 1188386                    /usr/lib/x86_64-linux-gnu/libXi.so.6.1.0
7f5f2ab64000-7f5f2ab65000 r--p 0000e000 08:08 1188386                    /usr/lib/x86_64-linux-gnu/libXi.so.6.1.0
7f5f2ab65000-7f5f2ab66000 rw-p 0000f000 08:08 1188386                    /usr/lib/x86_64-linux-gnu/libXi.so.6.1.0
7f5f2ab66000-7f5f2ab6b000 r-xp 00000000 08:08 1188404                    /usr/lib/x86_64-linux-gnu/libXtst.so.6.1.0
7f5f2ab6b000-7f5f2ad6a000 ---p 00005000 08:08 1188404                    /usr/lib/x86_64-linux-gnu/libXtst.so.6.1.0
7f5f2ad6a000-7f5f2ad6b000 r--p 00004000 08:08 1188404                    /usr/lib/x86_64-linux-gnu/libXtst.so.6.1.0
7f5f2ad6b000-7f5f2ad6c000 rw-p 00005000 08:08 1188404                    /usr/lib/x86_64-linux-gnu/libXtst.so.6.1.0
7f5f2ad6c000-7f5f2ad75000 r-xp 00000000 08:08 1188398                    /usr/lib/x86_64-linux-gnu/libXrender.so.1.3.0
7f5f2ad75000-7f5f2af74000 ---p 00009000 08:08 1188398                    /usr/lib/x86_64-linux-gnu/libXrender.so.1.3.0
7f5f2af74000-7f5f2af75000 r--p 00008000 08:08 1188398                    /usr/lib/x86_64-linux-gnu/libXrender.so.1.3.0
7f5f2af75000-7f5f2af76000 rw-p 00009000 08:08 1188398                    /usr/lib/x86_64-linux-gnu/libXrender.so.1.3.0
7f5f2af76000-7f5f2b0ab000 r-xp 00000000 08:08 1188361                    /usr/lib/x86_64-linux-gnu/libX11.so.6.3.0
7f5f2b0ab000-7f5f2b2ab000 ---p 00135000 08:08 1188361                    /usr/lib/x86_64-linux-gnu/libX11.so.6.3.0
7f5f2b2ab000-7f5f2b2ac000 r--p 00135000 08:08 1188361                    /usr/lib/x86_64-linux-gnu/libX11.so.6.3.0
7f5f2b2ac000-7f5f2b2b0000 rw-p 00136000 08:08 1188361                    /usr/lib/x86_64-linux-gnu/libX11.so.6.3.0
7f5f2b2b0000-7f5f2b2c1000 r-xp 00000000 08:08 1188378                    /usr/lib/x86_64-linux-gnu/libXext.so.6.4.0
7f5f2b2c1000-7f5f2b4c0000 ---p 00011000 08:08 1188378                    /usr/lib/x86_64-linux-gnu/libXext.so.6.4.0
7f5f2b4c0000-7f5f2b4c1000 r--p 00010000 08:08 1188378                    /usr/lib/x86_64-linux-gnu/libXext.so.6.4.0
7f5f2b4c1000-7f5f2b4c2000 rw-p 00011000 08:08 1188378                    /usr/lib/x86_64-linux-gnu/libXext.so.6.4.0
7f5f2b4cd000-7f5f2b4e0000 r--s 00346000 08:08 1312847                    /usr/lib/jvm/java-8-openjdk-amd64/jre/lib/resources.jar
7f5f2b4e0000-7f5f2b534000 r-xp 00000000 08:08 1312837                    /usr/lib/jvm/java-8-openjdk-amd64/jre/lib/amd64/libawt_xawt.so
7f5f2b534000-7f5f2b734000 ---p 00054000 08:08 1312837                    /usr/lib/jvm/java-8-openjdk-amd64/jre/lib/amd64/libawt_xawt.so
7f5f2b734000-7f5f2b735000 r--p 00054000 08:08 1312837                    /usr/lib/jvm/java-8-openjdk-amd64/jre/lib/amd64/libawt_xawt.so
7f5f2b735000-7f5f2b738000 rw-p 00055000 08:08 1312837                    /usr/lib/jvm/java-8-openjdk-amd64/jre/lib/amd64/libawt_xawt.so
7f5f2b738000-7f5f2b739000 rw-p 00000000 00:00 0 
7f5f2b739000-7f5f2b7d9000 r-xp 00000000 08:08 1312843                    /usr/lib/jvm/java-8-openjdk-amd64/jre/lib/amd64/libawt.so
7f5f2b7d9000-7f5f2b9d9000 ---p 000a0000 08:08 1312843                    /usr/lib/jvm/java-8-openjdk-amd64/jre/lib/amd64/libawt.so
7f5f2b9d9000-7f5f2b9da000 r--p 000a0000 08:08 1312843                    /usr/lib/jvm/java-8-openjdk-amd64/jre/lib/amd64/libawt.so
7f5f2b9da000-7f5f2b9e5000 rw-p 000a1000 08:08 1312843                    /usr/lib/jvm/java-8-openjdk-amd64/jre/lib/amd64/libawt.so
7f5f2b9e5000-7f5f2ba0a000 rw-p 00000000 00:00 0 
7f5f2ba0a000-7f5f2ba25000 r--s 001d6000 08:08 1312859                    /usr/lib/jvm/java-8-openjdk-amd64/jre/lib/ext/nashorn.jar
7f5f2ba25000-7f5f2ba26000 ---p 00000000 00:00 0 
7f5f2ba26000-7f5f2bb26000 rw-p 00000000 00:00 0 
7f5f2bb26000-7f5f2bb29000 ---p 00000000 00:00 0 
7f5f2bb29000-7f5f2bc27000 rw-p 00000000 00:00 0 
7f5f2bc27000-7f5f2bc2a000 ---p 00000000 00:00 0 
7f5f2bc2a000-7f5f2bd28000 rw-p 00000000 00:00 0 
7f5f2bd28000-7f5f2c000000 r--p 00000000 08:08 1181460                    /usr/lib/locale/locale-archive
7f5f2c000000-7f5f2c021000 rw-p 00000000 00:00 0 
7f5f2c021000-7f5f30000000 ---p 00000000 00:00 0 
7f5f30000000-7f5f30021000 rw-p 00000000 00:00 0 
7f5f30021000-7f5f34000000 ---p 00000000 00:00 0 
7f5f34000000-7f5f34021000 rw-p 00000000 00:00 0 
7f5f34021000-7f5f38000000 ---p 00000000 00:00 0 
7f5f38000000-7f5f38021000 rw-p 00000000 00:00 0 
7f5f38021000-7f5f3c000000 ---p 00000000 00:00 0 
7f5f3c000000-7f5f3c021000 rw-p 00000000 00:00 0 
7f5f3c021000-7f5f40000000 ---p 00000000 00:00 0 
7f5f40000000-7f5f40004000 r--s 0009a000 08:08 1312869                    /usr/lib/jvm/java-8-openjdk-amd64/jre/lib/jsse.jar
7f5f40004000-7f5f40009000 r--s 002f9000 08:08 1312872                    /usr/lib/jvm/java-8-openjdk-amd64/jre/lib/charsets.jar
7f5f40009000-7f5f4000b000 r--s 00008000 08:08 1312858                    /usr/lib/jvm/java-8-openjdk-amd64/jre/lib/ext/sunec.jar
7f5f4000b000-7f5f4000d000 r--s 00001000 08:08 1312860                    /usr/lib/jvm/java-8-openjdk-amd64/jre/lib/ext/dnsns.jar
7f5f4000d000-7f5f40017000 r--s 00116000 08:08 1312865                    /usr/lib/jvm/java-8-openjdk-amd64/jre/lib/ext/localedata.jar
7f5f40017000-7f5f40032000 r--s 00394000 08:08 1312862                    /usr/lib/jvm/java-8-openjdk-amd64/jre/lib/ext/cldrdata.jar
7f5f40032000-7f5f40035000 ---p 00000000 00:00 0 
7f5f40035000-7f5f40133000 rw-p 00000000 00:00 0 
7f5f40133000-7f5f40136000 ---p 00000000 00:00 0 
7f5f40136000-7f5f40234000 rw-p 00000000 00:00 0 
7f5f40234000-7f5f40237000 ---p 00000000 00:00 0 
7f5f40237000-7f5f40335000 rw-p 00000000 00:00 0 
7f5f40335000-7f5f40338000 ---p 00000000 00:00 0 
7f5f40338000-7f5f40436000 rw-p 00000000 00:00 0 
7f5f40436000-7f5f40437000 ---p 00000000 00:00 0 
7f5f40437000-7f5f40e82000 rw-p 00000000 00:00 0 
7f5f40e82000-7f5f41050000 r--s 03c06000 08:08 1312873                    /usr/lib/jvm/java-8-openjdk-amd64/jre/lib/rt.jar
7f5f41050000-7f5f43895000 rw-p 00000000 00:00 0 
7f5f43895000-7f5f43896000 ---p 00000000 00:00 0 
7f5f43896000-7f5f43996000 rw-p 00000000 00:00 0 
7f5f43996000-7f5f43997000 ---p 00000000 00:00 0 
7f5f43997000-7f5f43b0a000 rw-p 00000000 00:00 0 
7f5f43b0a000-7f5f43bd7000 ---p 00000000 00:00 0 
7f5f43bd7000-7f5f43c4a000 rw-p 00000000 00:00 0 
7f5f43c4a000-7f5f43d16000 ---p 00000000 00:00 0 
7f5f43d16000-7f5f43d8a000 rw-p 00000000 00:00 0 
7f5f43d8a000-7f5f43db6000 ---p 00000000 00:00 0 
7f5f43db6000-7f5f43dc2000 rw-p 00000000 00:00 0 
7f5f43dc2000-7f5f44177000 ---p 00000000 00:00 0 
7f5f44177000-7f5f44437000 rwxp 00000000 00:00 0 
7f5f44437000-7f5f53177000 ---p 00000000 00:00 0 
7f5f53177000-7f5f5317f000 r-xp 00000000 08:08 1312818                    /usr/lib/jvm/java-8-openjdk-amd64/jre/lib/amd64/libzip.so
7f5f5317f000-7f5f5337e000 ---p 00008000 08:08 1312818                    /usr/lib/jvm/java-8-openjdk-amd64/jre/lib/amd64/libzip.so
7f5f5337e000-7f5f5337f000 r--p 00007000 08:08 1312818                    /usr/lib/jvm/java-8-openjdk-amd64/jre/lib/amd64/libzip.so
7f5f5337f000-7f5f53380000 rw-p 00008000 08:08 1312818                    /usr/lib/jvm/java-8-openjdk-amd64/jre/lib/amd64/libzip.so
7f5f53380000-7f5f5338b000 r-xp 00000000 08:08 4727883                    /lib/x86_64-linux-gnu/libnss_files-2.23.so
7f5f5338b000-7f5f5358a000 ---p 0000b000 08:08 4727883                    /lib/x86_64-linux-gnu/libnss_files-2.23.so
7f5f5358a000-7f5f5358b000 r--p 0000a000 08:08 4727883                    /lib/x86_64-linux-gnu/libnss_files-2.23.so
7f5f5358b000-7f5f5358c000 rw-p 0000b000 08:08 4727883                    /lib/x86_64-linux-gnu/libnss_files-2.23.so
7f5f5358c000-7f5f53592000 rw-p 00000000 00:00 0 
7f5f53592000-7f5f5359d000 r-xp 00000000 08:08 4723517                    /lib/x86_64-linux-gnu/libnss_nis-2.23.so
7f5f5359d000-7f5f5379c000 ---p 0000b000 08:08 4723517                    /lib/x86_64-linux-gnu/libnss_nis-2.23.so
7f5f5379c000-7f5f5379d000 r--p 0000a000 08:08 4723517                    /lib/x86_64-linux-gnu/libnss_nis-2.23.so
7f5f5379d000-7f5f5379e000 rw-p 0000b000 08:08 4723517                    /lib/x86_64-linux-gnu/libnss_nis-2.23.so
7f5f5379e000-7f5f537b4000 r-xp 00000000 08:08 4726738                    /lib/x86_64-linux-gnu/libnsl-2.23.so
7f5f537b4000-7f5f539b3000 ---p 00016000 08:08 4726738                    /lib/x86_64-linux-gnu/libnsl-2.23.so
7f5f539b3000-7f5f539b4000 r--p 00015000 08:08 4726738                    /lib/x86_64-linux-gnu/libnsl-2.23.so
7f5f539b4000-7f5f539b5000 rw-p 00016000 08:08 4726738                    /lib/x86_64-linux-gnu/libnsl-2.23.so
7f5f539b5000-7f5f539b7000 rw-p 00000000 00:00 0 
7f5f539b7000-7f5f539bf000 r-xp 00000000 08:08 4727885                    /lib/x86_64-linux-gnu/libnss_compat-2.23.so
7f5f539bf000-7f5f53bbe000 ---p 00008000 08:08 4727885                    /lib/x86_64-linux-gnu/libnss_compat-2.23.so
7f5f53bbe000-7f5f53bbf000 r--p 00007000 08:08 4727885                    /lib/x86_64-linux-gnu/libnss_compat-2.23.so
7f5f53bbf000-7f5f53bc0000 rw-p 00008000 08:08 4727885                    /lib/x86_64-linux-gnu/libnss_compat-2.23.so
7f5f53bc0000-7f5f53bed000 r-xp 00000000 08:08 1312845                    /usr/lib/jvm/java-8-openjdk-amd64/jre/lib/amd64/libjava.so
7f5f53bed000-7f5f53dec000 ---p 0002d000 08:08 1312845                    /usr/lib/jvm/java-8-openjdk-amd64/jre/lib/amd64/libjava.so
7f5f53dec000-7f5f53ded000 r--p 0002c000 08:08 1312845                    /usr/lib/jvm/java-8-openjdk-amd64/jre/lib/amd64/libjava.so
7f5f53ded000-7f5f53def000 rw-p 0002d000 08:08 1312845                    /usr/lib/jvm/java-8-openjdk-amd64/jre/lib/amd64/libjava.so
7f5f53def000-7f5f53dfe000 r-xp 00000000 08:08 1312811                    /usr/lib/jvm/java-8-openjdk-amd64/jre/lib/amd64/libverify.so
7f5f53dfe000-7f5f53ffd000 ---p 0000f000 08:08 1312811                    /usr/lib/jvm/java-8-openjdk-amd64/jre/lib/amd64/libverify.so
7f5f53ffd000-7f5f53fff000 r--p 0000e000 08:08 1312811                    /usr/lib/jvm/java-8-openjdk-amd64/jre/lib/amd64/libverify.so
7f5f53fff000-7f5f54000000 rw-p 00010000 08:08 1312811                    /usr/lib/jvm/java-8-openjdk-amd64/jre/lib/amd64/libverify.so
7f5f54000000-7f5f54310000 rw-p 00000000 00:00 0 
7f5f54310000-7f5f58000000 ---p 00000000 00:00 0 
7f5f58000000-7f5f58004000 r--s 00037000 08:08 1312864                    /usr/lib/jvm/java-8-openjdk-amd64/jre/lib/ext/sunpkcs11.jar
7f5f58004000-7f5f58025000 rw-p 00000000 00:00 0 
7f5f58025000-7f5f5802c000 r-xp 00000000 08:08 4727886                    /lib/x86_64-linux-gnu/librt-2.23.so
7f5f5802c000-7f5f5822b000 ---p 00007000 08:08 4727886                    /lib/x86_64-linux-gnu/librt-2.23.so
7f5f5822b000-7f5f5822c000 r--p 00006000 08:08 4727886                    /lib/x86_64-linux-gnu/librt-2.23.so
7f5f5822c000-7f5f5822d000 rw-p 00007000 08:08 4727886                    /lib/x86_64-linux-gnu/librt-2.23.so
7f5f5822d000-7f5f58243000 r-xp 00000000 08:08 4723386                    /lib/x86_64-linux-gnu/libgcc_s.so.1
7f5f58243000-7f5f58442000 ---p 00016000 08:08 4723386                    /lib/x86_64-linux-gnu/libgcc_s.so.1
7f5f58442000-7f5f58443000 rw-p 00015000 08:08 4723386                    /lib/x86_64-linux-gnu/libgcc_s.so.1
7f5f58443000-7f5f5854b000 r-xp 00000000 08:08 4723530                    /lib/x86_64-linux-gnu/libm-2.23.so
7f5f5854b000-7f5f5874a000 ---p 00108000 08:08 4723530                    /lib/x86_64-linux-gnu/libm-2.23.so
7f5f5874a000-7f5f5874b000 r--p 00107000 08:08 4723530                    /lib/x86_64-linux-gnu/libm-2.23.so
7f5f5874b000-7f5f5874c000 rw-p 00108000 08:08 4723530                    /lib/x86_64-linux-gnu/libm-2.23.so
7f5f5874c000-7f5f588be000 r-xp 00000000 08:08 1189525                    /usr/lib/x86_64-linux-gnu/libstdc++.so.6.0.21
7f5f588be000-7f5f58abe000 ---p 00172000 08:08 1189525                    /usr/lib/x86_64-linux-gnu/libstdc++.so.6.0.21
7f5f58abe000-7f5f58ac8000 r--p 00172000 08:08 1189525                    /usr/lib/x86_64-linux-gnu/libstdc++.so.6.0.21
7f5f58ac8000-7f5f58aca000 rw-p 0017c000 08:08 1189525                    /usr/lib/x86_64-linux-gnu/libstdc++.so.6.0.21
7f5f58aca000-7f5f58ace000 rw-p 00000000 00:00 0 
7f5f58ace000-7f5f5971e000 r-xp 00000000 08:08 1312840                    /usr/lib/jvm/java-8-openjdk-amd64/jre/lib/amd64/server/libjvm.so
7f5f5971e000-7f5f5991d000 ---p 00c50000 08:08 1312840                    /usr/lib/jvm/java-8-openjdk-amd64/jre/lib/amd64/server/libjvm.so
7f5f5991d000-7f5f599b0000 r--p 00c4f000 08:08 1312840                    /usr/lib/jvm/java-8-openjdk-amd64/jre/lib/amd64/server/libjvm.so
7f5f599b0000-7f5f599d9000 rw-p 00ce2000 08:08 1312840                    /usr/lib/jvm/java-8-openjdk-amd64/jre/lib/amd64/server/libjvm.so
7f5f599d9000-7f5f59a09000 rw-p 00000000 00:00 0 
7f5f59a09000-7f5f59a21000 r-xp 00000000 08:08 4727890                    /lib/x86_64-linux-gnu/libpthread-2.23.so
7f5f59a21000-7f5f59c20000 ---p 00018000 08:08 4727890                    /lib/x86_64-linux-gnu/libpthread-2.23.so
7f5f59c20000-7f5f59c21000 r--p 00017000 08:08 4727890                    /lib/x86_64-linux-gnu/libpthread-2.23.so
7f5f59c21000-7f5f59c22000 rw-p 00018000 08:08 4727890                    /lib/x86_64-linux-gnu/libpthread-2.23.so
7f5f59c22000-7f5f59c26000 rw-p 00000000 00:00 0 
7f5f59c26000-7f5f59c29000 r-xp 00000000 08:08 4723501                    /lib/x86_64-linux-gnu/libdl-2.23.so
7f5f59c29000-7f5f59e28000 ---p 00003000 08:08 4723501                    /lib/x86_64-linux-gnu/libdl-2.23.so
7f5f59e28000-7f5f59e29000 r--p 00002000 08:08 4723501                    /lib/x86_64-linux-gnu/libdl-2.23.so
7f5f59e29000-7f5f59e2a000 rw-p 00003000 08:08 4723501                    /lib/x86_64-linux-gnu/libdl-2.23.so
7f5f59e2a000-7f5f59e43000 r-xp 00000000 08:08 4723539                    /lib/x86_64-linux-gnu/libz.so.1.2.8
7f5f59e43000-7f5f5a042000 ---p 00019000 08:08 4723539                    /lib/x86_64-linux-gnu/libz.so.1.2.8
7f5f5a042000-7f5f5a043000 r--p 00018000 08:08 4723539                    /lib/x86_64-linux-gnu/libz.so.1.2.8
7f5f5a043000-7f5f5a044000 rw-p 00019000 08:08 4723539                    /lib/x86_64-linux-gnu/libz.so.1.2.8
7f5f5a044000-7f5f5a203000 r-xp 00000000 08:08 4726742                    /lib/x86_64-linux-gnu/libc-2.23.so
7f5f5a203000-7f5f5a403000 ---p 001bf000 08:08 4726742                    /lib/x86_64-linux-gnu/libc-2.23.so
7f5f5a403000-7f5f5a407000 r--p 001bf000 08:08 4726742                    /lib/x86_64-linux-gnu/libc-2.23.so
7f5f5a407000-7f5f5a409000 rw-p 001c3000 08:08 4726742                    /lib/x86_64-linux-gnu/libc-2.23.so
7f5f5a409000-7f5f5a40d000 rw-p 00000000 00:00 0 
7f5f5a40d000-7f5f5a41a000 r-xp 00000000 08:08 1312834                    /usr/lib/jvm/java-8-openjdk-amd64/jre/lib/amd64/jli/libjli.so
7f5f5a41a000-7f5f5a61a000 ---p 0000d000 08:08 1312834                    /usr/lib/jvm/java-8-openjdk-amd64/jre/lib/amd64/jli/libjli.so
7f5f5a61a000-7f5f5a61b000 r--p 0000d000 08:08 1312834                    /usr/lib/jvm/java-8-openjdk-amd64/jre/lib/amd64/jli/libjli.so
7f5f5a61b000-7f5f5a61c000 rw-p 0000e000 08:08 1312834                    /usr/lib/jvm/java-8-openjdk-amd64/jre/lib/amd64/jli/libjli.so
7f5f5a61c000-7f5f5a642000 r-xp 00000000 08:08 4727879                    /lib/x86_64-linux-gnu/ld-2.23.so
7f5f5a642000-7f5f5a645000 r--s 0000f000 08:08 1312861                    /usr/lib/jvm/java-8-openjdk-amd64/jre/lib/ext/icedtea-sound.jar
7f5f5a645000-7f5f5a646000 r--s 0000a000 08:08 1312867                    /usr/lib/jvm/java-8-openjdk-amd64/jre/lib/ext/jaccess.jar
7f5f5a646000-7f5f5a64b000 r--s 0003b000 08:08 1312866                    /usr/lib/jvm/java-8-openjdk-amd64/jre/lib/ext/sunjce_provider.jar
7f5f5a64b000-7f5f5a71b000 rw-p 00000000 00:00 0 
7f5f5a71b000-7f5f5a71e000 ---p 00000000 00:00 0 
7f5f5a71e000-7f5f5a821000 rw-p 00000000 00:00 0 
7f5f5a821000-7f5f5a822000 r--s 00010000 08:08 1312863                    /usr/lib/jvm/java-8-openjdk-amd64/jre/lib/ext/zipfs.jar
7f5f5a822000-7f5f5a835000 rw-p 00000000 00:00 0 
7f5f5a835000-7f5f5a83d000 rw-s 00000000 08:08 3937735                    /tmp/hsperfdata_jannny/10274
7f5f5a83d000-7f5f5a83e000 rw-p 00000000 00:00 0 
7f5f5a83e000-7f5f5a83f000 ---p 00000000 00:00 0 
7f5f5a83f000-7f5f5a841000 rw-p 00000000 00:00 0 
7f5f5a841000-7f5f5a842000 r--p 00025000 08:08 4727879                    /lib/x86_64-linux-gnu/ld-2.23.so
7f5f5a842000-7f5f5a843000 rw-p 00026000 08:08 4727879                    /lib/x86_64-linux-gnu/ld-2.23.so
7f5f5a843000-7f5f5a844000 rw-p 00000000 00:00 0 
7ffe2ff7d000-7ffe2ff9e000 rw-p 00000000 00:00 0                          [stack]
7ffe2fffa000-7ffe2fffc000 r--p 00000000 00:00 0                          [vvar]
7ffe2fffc000-7ffe2fffe000 r-xp 00000000 00:00 0                          [vdso]
ffffffffff600000-ffffffffff601000 r-xp 00000000 00:00 0                  [vsyscall]

VM Arguments:
jvm_args: -Dfile.encoding=UTF-8 
java_command: main.main
java_class_path (initial): /home/jannny/workspace/Terraminer/bin
Launcher Type: SUN_STANDARD

Environment Variables:
PATH=/home/jannny/bin:/home/jannny/.local/bin:/usr/local/sbin:/usr/local/bin:/usr/sbin:/usr/bin:/sbin:/bin:/usr/games:/usr/local/games:/snap/bin
SHELL=/bin/bash
DISPLAY=:0

Signal Handlers:
SIGSEGV: [libjvm.so+0xa66fd0], sa_mask[0]=11111111011111111101111111111110, sa_flags=SA_RESTART|SA_SIGINFO
SIGBUS: [libjvm.so+0xa66fd0], sa_mask[0]=11111111011111111101111111111110, sa_flags=SA_RESTART|SA_SIGINFO
SIGFPE: [libjvm.so+0x8b0180], sa_mask[0]=11111111011111111101111111111110, sa_flags=SA_RESTART|SA_SIGINFO
SIGPIPE: [libjvm.so+0x8b0180], sa_mask[0]=11111111011111111101111111111110, sa_flags=SA_RESTART|SA_SIGINFO
SIGXFSZ: [libjvm.so+0x8b0180], sa_mask[0]=11111111011111111101111111111110, sa_flags=SA_RESTART|SA_SIGINFO
SIGILL: [libjvm.so+0x8b0180], sa_mask[0]=11111111011111111101111111111110, sa_flags=SA_RESTART|SA_SIGINFO
SIGUSR1: SIG_DFL, sa_mask[0]=00000000000000000000000000000000, sa_flags=none
SIGUSR2: [libjvm.so+0x8b0030], sa_mask[0]=00100000000000000000000000000000, sa_flags=SA_RESTART|SA_SIGINFO
SIGHUP: [libjvm.so+0x8b0500], sa_mask[0]=11111111011111111101111111111110, sa_flags=SA_RESTART|SA_SIGINFO
SIGINT: [libjvm.so+0x8b0500], sa_mask[0]=11111111011111111101111111111110, sa_flags=SA_RESTART|SA_SIGINFO
SIGTERM: [libjvm.so+0x8b0500], sa_mask[0]=11111111011111111101111111111110, sa_flags=SA_RESTART|SA_SIGINFO
SIGQUIT: [libjvm.so+0x8b0500], sa_mask[0]=11111111011111111101111111111110, sa_flags=SA_RESTART|SA_SIGINFO


---------------  S Y S T E M  ---------------

OS:DISTRIB_ID=Ubuntu
DISTRIB_RELEASE=16.04
DISTRIB_CODENAME=xenial
DISTRIB_DESCRIPTION="Ubuntu 16.04.2 LTS"

uname:Linux 4.8.0-46-generic #49~16.04.1-Ubuntu SMP Fri Mar 31 14:51:03 UTC 2017 x86_64
libc:glibc 2.23 NPTL 2.23 
rlimit: STACK 8192k, CORE 0k, NPROC 14902, NOFILE 65536, AS infinity
load average:1.07 0.78 0.83

/proc/meminfo:
MemTotal:        3919596 kB
MemFree:          111236 kB
MemAvailable:      13892 kB
Buffers:             436 kB
Cached:           279632 kB
SwapCached:         4096 kB
Active:          3044336 kB
Inactive:         618948 kB
Active(anon):    3036464 kB
Inactive(anon):   609072 kB
Active(file):       7872 kB
Inactive(file):     9876 kB
Unevictable:          32 kB
Mlocked:              32 kB
SwapTotal:        499708 kB
SwapFree:              0 kB
Dirty:               104 kB
Writeback:             0 kB
AnonPages:       3379288 kB
Mapped:            82740 kB
Shmem:            262184 kB
Slab:              61052 kB
SReclaimable:      29840 kB
SUnreclaim:        31212 kB
KernelStack:        9344 kB
PageTables:        35724 kB
NFS_Unstable:          0 kB
Bounce:                0 kB
WritebackTmp:          0 kB
CommitLimit:     2459504 kB
Committed_AS:    7625472 kB
VmallocTotal:   34359738367 kB
VmallocUsed:           0 kB
VmallocChunk:          0 kB
HardwareCorrupted:     0 kB
AnonHugePages:   1546240 kB
ShmemHugePages:        0 kB
ShmemPmdMapped:        0 kB
CmaTotal:              0 kB
CmaFree:               0 kB
HugePages_Total:       0
HugePages_Free:        0
HugePages_Rsvd:        0
HugePages_Surp:        0
Hugepagesize:       2048 kB
DirectMap4k:       96000 kB
DirectMap2M:     3973120 kB


CPU:total 2 (2 cores per cpu, 1 threads per core) family 6 model 42 stepping 7, cmov, cx8, fxsr, mmx, sse, sse2, sse3, ssse3, sse4.1, sse4.2, popcnt, clmul, tsc, tscinvbit

/proc/cpuinfo:
processor	: 0
vendor_id	: GenuineIntel
cpu family	: 6
model		: 42
model name	: Intel(R) Pentium(R) CPU B980 @ 2.40GHz
stepping	: 7
microcode	: 0x28
cpu MHz		: 887.402
cache size	: 2048 KB
physical id	: 0
siblings	: 2
core id		: 0
cpu cores	: 2
apicid		: 0
initial apicid	: 0
fpu		: yes
fpu_exception	: yes
cpuid level	: 13
wp		: yes
flags		: fpu vme de pse tsc msr pae mce cx8 apic sep mtrr pge mca cmov pat pse36 clflush dts acpi mmx fxsr sse sse2 ss ht tm pbe syscall nx rdtscp lm constant_tsc arch_perfmon pebs bts rep_good nopl xtopology nonstop_tsc aperfmperf eagerfpu pni pclmulqdq dtes64 monitor ds_cpl est tm2 ssse3 cx16 xtpr pdcm pcid sse4_1 sse4_2 x2apic popcnt tsc_deadline_timer xsave lahf_lm epb xsaveopt dtherm arat pln pts
bugs		:
bogomips	: 4789.27
clflush size	: 64
cache_alignment	: 64
address sizes	: 36 bits physical, 48 bits virtual
power management:

processor	: 1
vendor_id	: GenuineIntel
cpu family	: 6
model		: 42
model name	: Intel(R) Pentium(R) CPU B980 @ 2.40GHz
stepping	: 7
microcode	: 0x28
cpu MHz		: 807.421
cache size	: 2048 KB
physical id	: 0
siblings	: 2
core id		: 1
cpu cores	: 2
apicid		: 2
initial apicid	: 2
fpu		: yes
fpu_exception	: yes
cpuid level	: 13
wp		: yes
flags		: fpu vme de pse tsc msr pae mce cx8 apic sep mtrr pge mca cmov pat pse36 clflush dts acpi mmx fxsr sse sse2 ss ht tm pbe syscall nx rdtscp lm constant_tsc arch_perfmon pebs bts rep_good nopl xtopology nonstop_tsc aperfmperf eagerfpu pni pclmulqdq dtes64 monitor ds_cpl est tm2 ssse3 cx16 xtpr pdcm pcid sse4_1 sse4_2 x2apic popcnt tsc_deadline_timer xsave lahf_lm epb xsaveopt dtherm arat pln pts
bugs		:
bogomips	: 4789.27
clflush size	: 64
cache_alignment	: 64
address sizes	: 36 bits physical, 48 bits virtual
power management:



Memory: 4k page, physical 3919596k(111236k free), swap 499708k(0k free)

vm_info: OpenJDK 64-Bit Server VM (25.121-b13) for linux-amd64 JRE (1.8.0_121-8u121-b13-0ubuntu1.16.04.2-b13), built on Jan 23 2017 15:51:29 by "buildd" with gcc 5.4.0 20160609

time: Sat Apr  8 12:00:39 2017
elapsed time: 8 seconds (0d 0h 0m 8s)

